android/study/HabitFlow/app/build/intermediates/manifest_merge_blame_file/debug/manifest-merger-blame-debug-report.txt
1<?xml version="1.0" encoding="utf-8"?>
2<manifest xmlns:android="http://schemas.android.com/apk/res/android"
3    package="com.example.habitflow"
4    android:versionCode="1"
5    android:versionName="1.0" >
6
7    <uses-sdk
8        android:minSdkVersion="21"
8-->src\main\AndroidManifest.xml
9        android:targetSdkVersion="32" />
9-->src\main\AndroidManifest.xml
10
11    <uses-permission android:name="android.permission.WAKE_LOCK" />
11-->[androidx.work:work-runtime:2.7.1] AndroidManifest.xml:25:5-68
11-->[androidx.work:work-runtime:2.7.1] AndroidManifest.xml:25:22-65
12    <uses-permission android:name="android.permission.ACCESS_NETWORK_STATE" />
12-->[androidx.work:work-runtime:2.7.1] AndroidManifest.xml:26:5-79
12-->[androidx.work:work-runtime:2.7.1] AndroidManifest.xml:26:22-76
13    <uses-permission android:name="android.permission.RECEIVE_BOOT_COMPLETED" />
13-->[androidx.work:work-runtime:2.7.1] AndroidManifest.xml:27:5-81
13-->[androidx.work:work-runtime:2.7.1] AndroidManifest.xml:27:22-78
14    <uses-permission android:name="android.permission.FOREGROUND_SERVICE" />
14-->[androidx.work:work-runtime:2.7.1] AndroidManifest.xml:28:5-77
14-->[androidx.work:work-runtime:2.7.1] AndroidManifest.xml:28:22-74
15
16    <application
16-->src\main\AndroidManifest.xml:6:5-38:19
17        android:allowBackup="true"
17-->src\main\AndroidManifest.xml:7:9-35
18        android:appComponentFactory="androidx.core.app.CoreComponentFactory"
18-->[androidx.core:core:1.8.0] AndroidManifest.xml:24:18-86
19        android:dataExtractionRules="@xml/data_extraction_rules"
19-->src\main\AndroidManifest.xml:8:9-65
20        android:debuggable="true"
21        android:fullBackupContent="@xml/backup_rules"
21-->src\main\AndroidManifest.xml:9:9-54
22        android:icon="@drawable/icon"
22-->src\main\AndroidManifest.xml:10:9-38
23        android:label="@string/app_name"
23-->src\main\AndroidManifest.xml:11:9-41
24        android:roundIcon="@drawable/icon"
24-->src\main\AndroidManifest.xml:12:9-43
25        android:supportsRtl="true"
25-->src\main\AndroidManifest.xml:13:9-35
26        android:testOnly="true"
27        android:theme="@style/Theme.HabitFlow" >
27-->src\main\AndroidManifest.xml:14:9-47
28        <activity
28-->src\main\AndroidManifest.xml:16:9-24:20
29            android:name="com.example.habitflow.Screensaver"
29-->src\main\AndroidManifest.xml:17:13-40
30            android:exported="true" >
30-->src\main\AndroidManifest.xml:18:13-36
31            <intent-filter>
31-->src\main\AndroidManifest.xml:19:13-23:29
32                <action android:name="android.intent.action.MAIN" />
32-->src\main\AndroidManifest.xml:20:17-69
32-->src\main\AndroidManifest.xml:20:25-66
33
34                <category android:name="android.intent.category.LAUNCHER" />
34-->src\main\AndroidManifest.xml:22:17-77
34-->src\main\AndroidManifest.xml:22:27-74
35            </intent-filter>
36        </activity>
37        <activity
37-->src\main\AndroidManifest.xml:25:9-28:56
38            android:name="com.example.habitflow.User"
38-->src\main\AndroidManifest.xml:26:13-33
39            android:exported="false"
39-->src\main\AndroidManifest.xml:27:13-37
40            android:windowSoftInputMode="stateHidden" />
40-->src\main\AndroidManifest.xml:28:13-54
41        <activity
41-->src\main\AndroidManifest.xml:29:9-32:56
42            android:name="com.example.habitflow.HabitAdd"
42-->src\main\AndroidManifest.xml:30:13-37
43            android:exported="false"
43-->src\main\AndroidManifest.xml:31:13-37
44            android:windowSoftInputMode="stateHidden" />
44-->src\main\AndroidManifest.xml:32:13-54
45        <activity
45-->src\main\AndroidManifest.xml:34:9-37:20
46            android:name="com.example.habitflow.LoginRegister"
46-->src\main\AndroidManifest.xml:35:13-42
47            android:exported="true" >
47-->src\main\AndroidManifest.xml:36:13-36
48        </activity>
49
50        <provider
50-->[androidx.work:work-runtime:2.7.1] AndroidManifest.xml:31:9-39:20
51            android:name="androidx.startup.InitializationProvider"
51-->[androidx.work:work-runtime:2.7.1] AndroidManifest.xml:32:13-67
52            android:authorities="com.example.habitflow.androidx-startup"
52-->[androidx.work:work-runtime:2.7.1] AndroidManifest.xml:33:13-68
53            android:exported="false" >
53-->[androidx.work:work-runtime:2.7.1] AndroidManifest.xml:34:13-37
54            <meta-data
54-->[androidx.work:work-runtime:2.7.1] AndroidManifest.xml:36:13-38:52
55                android:name="androidx.work.WorkManagerInitializer"
55-->[androidx.work:work-runtime:2.7.1] AndroidManifest.xml:37:17-68
56                android:value="androidx.startup" />
56-->[androidx.work:work-runtime:2.7.1] AndroidManifest.xml:38:17-49
57        </provider>
58
59        <service
59-->[androidx.work:work-runtime:2.7.1] AndroidManifest.xml:41:9-46:35
60            android:name="androidx.work.impl.background.systemalarm.SystemAlarmService"
60-->[androidx.work:work-runtime:2.7.1] AndroidManifest.xml:42:13-88
61            android:directBootAware="false"
61-->[androidx.work:work-runtime:2.7.1] AndroidManifest.xml:43:13-44
62            android:enabled="@bool/enable_system_alarm_service_default"
62-->[androidx.work:work-runtime:2.7.1] AndroidManifest.xml:44:13-72
63            android:exported="false" />
63-->[androidx.work:work-runtime:2.7.1] AndroidManifest.xml:45:13-37
64        <service
64-->[androidx.work:work-runtime:2.7.1] AndroidManifest.xml:47:9-53:35
65            android:name="androidx.work.impl.background.systemjob.SystemJobService"
65-->[androidx.work:work-runtime:2.7.1] AndroidManifest.xml:48:13-84
66            android:directBootAware="false"
66-->[androidx.work:work-runtime:2.7.1] AndroidManifest.xml:49:13-44
67            android:enabled="@bool/enable_system_job_service_default"
67-->[androidx.work:work-runtime:2.7.1] AndroidManifest.xml:50:13-70
68            android:exported="true"
68-->[androidx.work:work-runtime:2.7.1] AndroidManifest.xml:51:13-36
69            android:permission="android.permission.BIND_JOB_SERVICE" />
69-->[androidx.work:work-runtime:2.7.1] AndroidManifest.xml:52:13-69
70        <service
70-->[androidx.work:work-runtime:2.7.1] AndroidManifest.xml:54:9-59:35
71            android:name="androidx.work.impl.foreground.SystemForegroundService"
71-->[androidx.work:work-runtime:2.7.1] AndroidManifest.xml:55:13-81
72            android:directBootAware="false"
72-->[androidx.work:work-runtime:2.7.1] AndroidManifest.xml:56:13-44
73            android:enabled="@bool/enable_system_foreground_service_default"
73-->[androidx.work:work-runtime:2.7.1] AndroidManifest.xml:57:13-77
74            android:exported="false" />
74-->[androidx.work:work-runtime:2.7.1] AndroidManifest.xml:58:13-37
75
76        <receiver
76-->[androidx.work:work-runtime:2.7.1] AndroidManifest.xml:61:9-66:35
77            android:name="androidx.work.impl.utils.ForceStopRunnable$BroadcastReceiver"
77-->[androidx.work:work-runtime:2.7.1] AndroidManifest.xml:62:13-88
78            android:directBootAware="false"
78-->[androidx.work:work-runtime:2.7.1] AndroidManifest.xml:63:13-44
79            android:enabled="true"
79-->[androidx.work:work-runtime:2.7.1] AndroidManifest.xml:64:13-35
80            android:exported="false" />
80-->[androidx.work:work-runtime:2.7.1] AndroidManifest.xml:65:13-37
81        <receiver
81-->[androidx.work:work-runtime:2.7.1] AndroidManifest.xml:67:9-77:20
82            android:name="androidx.work.impl.background.systemalarm.ConstraintProxy$BatteryChargingProxy"
82-->[androidx.work:work-runtime:2.7.1] AndroidManifest.xml:68:13-106
83            android:directBootAware="false"
83-->[androidx.work:work-runtime:2.7.1] AndroidManifest.xml:69:13-44
84            android:enabled="false"
84-->[androidx.work:work-runtime:2.7.1] AndroidManifest.xml:70:13-36
85            android:exported="false" >
85-->[androidx.work:work-runtime:2.7.1] AndroidManifest.xml:71:13-37
86            <intent-filter>
86-->[androidx.work:work-runtime:2.7.1] AndroidManifest.xml:73:13-76:29
87                <action android:name="android.intent.action.ACTION_POWER_CONNECTED" />
87-->[androidx.work:work-runtime:2.7.1] AndroidManifest.xml:74:17-87
87-->[androidx.work:work-runtime:2.7.1] AndroidManifest.xml:74:25-84
88                <action android:name="android.intent.action.ACTION_POWER_DISCONNECTED" />
88-->[androidx.work:work-runtime:2.7.1] AndroidManifest.xml:75:17-90
88-->[androidx.work:work-runtime:2.7.1] AndroidManifest.xml:75:25-87
89            </intent-filter>
90        </receiver>
91        <receiver
91-->[androidx.work:work-runtime:2.7.1] AndroidManifest.xml:78:9-88:20
92            android:name="androidx.work.impl.background.systemalarm.ConstraintProxy$BatteryNotLowProxy"
92-->[androidx.work:work-runtime:2.7.1] AndroidManifest.xml:79:13-104
93            android:directBootAware="false"
93-->[androidx.work:work-runtime:2.7.1] AndroidManifest.xml:80:13-44
94            android:enabled="false"
94-->[androidx.work:work-runtime:2.7.1] AndroidManifest.xml:81:13-36
95            android:exported="false" >
95-->[androidx.work:work-runtime:2.7.1] AndroidManifest.xml:82:13-37
96            <intent-filter>
96-->[androidx.work:work-runtime:2.7.1] AndroidManifest.xml:84:13-87:29
97                <action android:name="android.intent.action.BATTERY_OKAY" />
97-->[androidx.work:work-runtime:2.7.1] AndroidManifest.xml:85:17-77
97-->[androidx.work:work-runtime:2.7.1] AndroidManifest.xml:85:25-74
98                <action android:name="android.intent.action.BATTERY_LOW" />
98-->[androidx.work:work-runtime:2.7.1] AndroidManifest.xml:86:17-76
98-->[androidx.work:work-runtime:2.7.1] AndroidManifest.xml:86:25-73
99            </intent-filter>
100        </receiver>
101        <receiver
101-->[androidx.work:work-runtime:2.7.1] AndroidManifest.xml:89:9-99:20
102            android:name="androidx.work.impl.background.systemalarm.ConstraintProxy$StorageNotLowProxy"
102-->[androidx.work:work-runtime:2.7.1] AndroidManifest.xml:90:13-104
103            android:directBootAware="false"
103-->[androidx.work:work-runtime:2.7.1] AndroidManifest.xml:91:13-44
104            android:enabled="false"
104-->[androidx.work:work-runtime:2.7.1] AndroidManifest.xml:92:13-36
105            android:exported="false" >
105-->[androidx.work:work-runtime:2.7.1] AndroidManifest.xml:93:13-37
106            <intent-filter>
106-->[androidx.work:work-runtime:2.7.1] AndroidManifest.xml:95:13-98:29
107                <action android:name="android.intent.action.DEVICE_STORAGE_LOW" />
107-->[androidx.work:work-runtime:2.7.1] AndroidManifest.xml:96:17-83
107-->[androidx.work:work-runtime:2.7.1] AndroidManifest.xml:96:25-80
108                <action android:name="android.intent.action.DEVICE_STORAGE_OK" />
108-->[androidx.work:work-runtime:2.7.1] AndroidManifest.xml:97:17-82
108-->[androidx.work:work-runtime:2.7.1] AndroidManifest.xml:97:25-79
109            </intent-filter>
110        </receiver>
111        <receiver
111-->[androidx.work:work-runtime:2.7.1] AndroidManifest.xml:100:9-109:20
112            android:name="androidx.work.impl.background.systemalarm.ConstraintProxy$NetworkStateProxy"
112-->[androidx.work:work-runtime:2.7.1] AndroidManifest.xml:101:13-103
113            android:directBootAware="false"
113-->[androidx.work:work-runtime:2.7.1] AndroidManifest.xml:102:13-44
114            android:enabled="false"
114-->[androidx.work:work-runtime:2.7.1] AndroidManifest.xml:103:13-36
115            android:exported="false" >
115-->[androidx.work:work-runtime:2.7.1] AndroidManifest.xml:104:13-37
116            <intent-filter>
116-->[androidx.work:work-runtime:2.7.1] AndroidManifest.xml:106:13-108:29
117                <action android:name="android.net.conn.CONNECTIVITY_CHANGE" />
117-->[androidx.work:work-runtime:2.7.1] AndroidManifest.xml:107:17-79
117-->[androidx.work:work-runtime:2.7.1] AndroidManifest.xml:107:25-76
118            </intent-filter>
119        </receiver>
120        <receiver
120-->[androidx.work:work-runtime:2.7.1] AndroidManifest.xml:110:9-121:20
121            android:name="androidx.work.impl.background.systemalarm.RescheduleReceiver"
121-->[androidx.work:work-runtime:2.7.1] AndroidManifest.xml:111:13-88
122            android:directBootAware="false"
122-->[androidx.work:work-runtime:2.7.1] AndroidManifest.xml:112:13-44
123            android:enabled="false"
123-->[androidx.work:work-runtime:2.7.1] AndroidManifest.xml:113:13-36
124            android:exported="false" >
124-->[androidx.work:work-runtime:2.7.1] AndroidManifest.xml:114:13-37
125            <intent-filter>
125-->[androidx.work:work-runtime:2.7.1] AndroidManifest.xml:116:13-120:29
126                <action android:name="android.intent.action.BOOT_COMPLETED" />
126-->[androidx.work:work-runtime:2.7.1] AndroidManifest.xml:117:17-79
126-->[androidx.work:work-runtime:2.7.1] AndroidManifest.xml:117:25-76
127                <action android:name="android.intent.action.TIME_SET" />
127-->[androidx.work:work-runtime:2.7.1] AndroidManifest.xml:118:17-73
127-->[androidx.work:work-runtime:2.7.1] AndroidManifest.xml:118:25-70
128                <action android:name="android.intent.action.TIMEZONE_CHANGED" />
128-->[androidx.work:work-runtime:2.7.1] AndroidManifest.xml:119:17-81
128-->[androidx.work:work-runtime:2.7.1] AndroidManifest.xml:119:25-78
129            </intent-filter>
130        </receiver>
131        <receiver
131-->[androidx.work:work-runtime:2.7.1] AndroidManifest.xml:122:9-131:20
132            android:name="androidx.work.impl.background.systemalarm.ConstraintProxyUpdateReceiver"
132-->[androidx.work:work-runtime:2.7.1] AndroidManifest.xml:123:13-99
133            android:directBootAware="false"
133-->[androidx.work:work-runtime:2.7.1] AndroidManifest.xml:124:13-44
134            android:enabled="@bool/enable_system_alarm_service_default"
134-->[androidx.work:work-runtime:2.7.1] AndroidManifest.xml:125:13-72
135            android:exported="false" >
135-->[androidx.work:work-runtime:2.7.1] AndroidManifest.xml:126:13-37
136            <intent-filter>
136-->[androidx.work:work-runtime:2.7.1] AndroidManifest.xml:128:13-130:29
137                <action android:name="androidx.work.impl.background.systemalarm.UpdateProxies" />
137-->[androidx.work:work-runtime:2.7.1] AndroidManifest.xml:129:17-98
137-->[androidx.work:work-runtime:2.7.1] AndroidManifest.xml:129:25-95
138            </intent-filter>
139        </receiver>
140        <receiver
140-->[androidx.work:work-runtime:2.7.1] AndroidManifest.xml:132:9-142:20
141            android:name="androidx.work.impl.diagnostics.DiagnosticsReceiver"
141-->[androidx.work:work-runtime:2.7.1] AndroidManifest.xml:133:13-78
142            android:directBootAware="false"
142-->[androidx.work:work-runtime:2.7.1] AndroidManifest.xml:134:13-44
143            android:enabled="true"
143-->[androidx.work:work-runtime:2.7.1] AndroidManifest.xml:135:13-35
144            android:exported="true"
144-->[androidx.work:work-runtime:2.7.1] AndroidManifest.xml:136:13-36
145            android:permission="android.permission.DUMP" >
145-->[androidx.work:work-runtime:2.7.1] AndroidManifest.xml:137:13-57
146            <intent-filter>
146-->[androidx.work:work-runtime:2.7.1] AndroidManifest.xml:139:13-141:29
147                <action android:name="androidx.work.diagnostics.REQUEST_DIAGNOSTICS" />
147-->[androidx.work:work-runtime:2.7.1] AndroidManifest.xml:140:17-88
147-->[androidx.work:work-runtime:2.7.1] AndroidManifest.xml:140:25-85
148            </intent-filter>
149        </receiver>
150
151        <uses-library
151-->[androidx.window:window:1.0.0] AndroidManifest.xml:25:9-27:40
152            android:name="androidx.window.extensions"
152-->[androidx.window:window:1.0.0] AndroidManifest.xml:26:13-54
153            android:required="false" />
153-->[androidx.window:window:1.0.0] AndroidManifest.xml:27:13-37
154        <uses-library
154-->[androidx.window:window:1.0.0] AndroidManifest.xml:28:9-30:40
155            android:name="androidx.window.sidecar"
155-->[androidx.window:window:1.0.0] AndroidManifest.xml:29:13-51
156            android:required="false" />
156-->[androidx.window:window:1.0.0] AndroidManifest.xml:30:13-37
157
158        <service
158-->[androidx.room:room-runtime:2.2.5] AndroidManifest.xml:25:9-28:40
159            android:name="androidx.room.MultiInstanceInvalidationService"
159-->[androidx.room:room-runtime:2.2.5] AndroidManifest.xml:26:13-74
160            android:directBootAware="true"
160-->[androidx.room:room-runtime:2.2.5] AndroidManifest.xml:27:13-43
161            android:exported="false" />
161-->[androidx.room:room-runtime:2.2.5] AndroidManifest.xml:28:13-37
162    </application>
163
164</manifest>